WARNING: Cabin 6131 has code 6V (not an Interior sub-type)
WARNING: Cabin 6135 has code 6V (not an Interior sub-type)
WARNING: Cabin 6137 has code 6V (not an Interior sub-type)
WARNING: Cabin 6139 has code 6V (not an Interior sub-type)
WARNING: Cabin 6141 has code 6V (not an Interior sub-type)
WARNING: Cabin 6149 has code 6V (not an Interior sub-type)
WARNING: Cabin 6153 has code 6V (not an Interior sub-type)
WARNING: Cabin 6279 has code 6V (not an Interior sub-type)
WARNING: Cabin 6281 has code 6V (not an Interior sub-type)
WARNING: Cabin 6531 has code 6V (not an Interior sub-type)
WARNING: Cabin 6537 has code 6V (not an Interior sub-type)
WARNING: Cabin 6541 has code 6V (not an Interior sub-type)
WARNING: Cabin 6545 has code 6V (not an Interior sub-type)
WARNING: Cabin 6547 has code 6V (not an Interior sub-type)
WARNING: Cabin 6549 has code 6V (not an Interior sub-type)
WARNING: Cabin 6553 has code 6V (not an Interior sub-type)
WARNING: Cabin 6679 has code 6V (not an Interior sub-type)
WARNING: Cabin 6681 has code 6V (not an Interior sub-type)
WARNING: Cabin 7101 has code 6V (not an Interior sub-type)
WARNING: Cabin 7117 has code 6V (not an Interior sub-type)
WARNING: Cabin 7131 has code 6V (not an Interior sub-type)
WARNING: Cabin 7133 has code 6V (not an Interior sub-type)
WARNING: Cabin 7135 has code 6V (not an Interior sub-type)
WARNING: Cabin 7137 has code 6V (not an Interior sub-type)
WARNING: Cabin 7139 has code 6V (not an Interior sub-type)
WARNING: Cabin 7141 has code 6V (not an Interior sub-type)
WARNING: Cabin 7143 has code 6V (not an Interior sub-type)
WARNING: Cabin 7145 has code 6V (not an Interior sub-type)
WARNING: Cabin 7149 has code 6V (not an Interior sub-type)
WARNING: Cabin 7153 has code 6V (not an Interior sub-type)
WARNING: Cabin 7273 has code 6V (not an Interior sub-type)
WARNING: Cabin 7275 has code 6V (not an Interior sub-type)
WARNING: Cabin 7277 has code 6V (not an Interior sub-type)
WARNING: Cabin 7279 has code 6V (not an Interior sub-type)
WARNING: Cabin 7281 has code 6V (not an Interior sub-type)
WARNING: Cabin 7400 has code 6V (not an Interior sub-type)
WARNING: Cabin 7402 has code 6V (not an Interior sub-type)
WARNING: Cabin 7404 has code 6V (not an Interior sub-type)
WARNING: Cabin 7405 has code 6V (not an Interior sub-type)
WARNING: Cabin 7406 has code 6V (not an Interior sub-type)
WARNING: Cabin 7407 has code 6V (not an Interior sub-type)
WARNING: Cabin 7408 has code 6V (not an Interior sub-type)
WARNING: Cabin 7409 has code 6V (not an Interior sub-type)
WARNING: Cabin 7410 has code 6V (not an Interior sub-type)
WARNING: Cabin 7411 has code 6V (not an Interior sub-type)
WARNING: Cabin 7412 has code 6V (not an Interior sub-type)
WARNING: Cabin 7413 has code 6V (not an Interior sub-type)
WARNING: Cabin 7414 has code 6V (not an Interior sub-type)
WARNING: Cabin 7415 has code 6V (not an Interior sub-type)
WARNING: Cabin 7416 has code 6V (not an Interior sub-type)
WARNING: Cabin 7418 has code 6V (not an Interior sub-type)
WARNING: Cabin 7420 has code 6V (not an Interior sub-type)
WARNING: Cabin 7422 has code 6V (not an Interior sub-type)
WARNING: Cabin 7424 has code 6V (not an Interior sub-type)
WARNING: Cabin 7425 has code 6V (not an Interior sub-type)
WARNING: Cabin 7429 has code 6V (not an Interior sub-type)
WARNING: Cabin 7430 has code 6V (not an Interior sub-type)
WARNING: Cabin 7432 has code 6V (not an Interior sub-type)
WARNING: Cabin 7433 has code 6V (not an Interior sub-type)
WARNING: Cabin 7434 has code 6V (not an Interior sub-type)
WARNING: Cabin 7437 has code 6V (not an Interior sub-type)
WARNING: Cabin 7438 has code 6V (not an Interior sub-type)
WARNING: Cabin 7441 has code 6V (not an Interior sub-type)
WARNING: Cabin 7442 has code 6V (not an Interior sub-type)
WARNING: Cabin 7445 has code 6V (not an Interior sub-type)
WARNING: Cabin 7446 has code 6V (not an Interior sub-type)
WARNING: Cabin 7450 has code 6V (not an Interior sub-type)
WARNING: Cabin 7454 has code 6V (not an Interior sub-type)
ERROR: Failed to fetch cabin 7458
WARNING: Cabin 7501 has code 6V (not an Interior sub-type)
WARNING: Cabin 7512 has code 6V (not an Interior sub-type)
WARNING: Cabin 7514 has code 6V (not an Interior sub-type)
WARNING: Cabin 7517 has code 6V (not an Interior sub-type)
WARNING: Cabin 7531 has code 6V (not an Interior sub-type)
WARNING: Cabin 7533 has code 6V (not an Interior sub-type)
WARNING: Cabin 7535 has code 6V (not an Interior sub-type)
WARNING: Cabin 7537 has code 6V (not an Interior sub-type)
WARNING: Cabin 7539 has code 6V (not an Interior sub-type)
WARNING: Cabin 7541 has code 6V (not an Interior sub-type)
WARNING: Cabin 7543 has code 6V (not an Interior sub-type)
WARNING: Cabin 7547 has code 6V (not an Interior sub-type)
WARNING: Cabin 7551 has code 6V (not an Interior sub-type)
ERROR: Failed to fetch cabin 7605
WARNING: Cabin 7673 has code 6V (not an Interior sub-type)
WARNING: Cabin 7675 has code 6V (not an Interior sub-type)
WARNING: Cabin 7677 has code 6V (not an Interior sub-type)
WARNING: Cabin 7679 has code 6V (not an Interior sub-type)
WARNING: Cabin 7681 has code 6V (not an Interior sub-type)
WARNING: Cabin 8101 has code 6V (not an Interior sub-type)
WARNING: Cabin 8116 has code 6V (not an Interior sub-type)
WARNING: Cabin 8118 has code 4D (not an Interior sub-type)
WARNING: Cabin 8131 has code 6V (not an Interior sub-type)
WARNING: Cabin 8133 has code 6V (not an Interior sub-type)
WARNING: Cabin 8135 has code 6V (not an Interior sub-type)
WARNING: Cabin 8137 has code 6V (not an Interior sub-type)
WARNING: Cabin 8139 has code 6V (not an Interior sub-type)
WARNING: Cabin 8141 has code 6V (not an Interior sub-type)
WARNING: Cabin 8143 has code 6V (not an Interior sub-type)
WARNING: Cabin 8145 has code 6V (not an Interior sub-type)
WARNING: Cabin 8147 has code 6V (not an Interior sub-type)
WARNING: Cabin 8149 has code 6V (not an Interior sub-type)
WARNING: Cabin 8151 has code 6V (not an Interior sub-type)
WARNING: Cabin 8153 has code 6V (not an Interior sub-type)
WARNING: Cabin 8272 has code 7D (not an Interior sub-type)
WARNING: Cabin 8276 has code 7D (not an Interior sub-type)
WARNING: Cabin 8279 has code 6V (not an Interior sub-type)
WARNING: Cabin 8280 has code 7D (not an Interior sub-type)
WARNING: Cabin 8284 has code 7D (not an Interior sub-type)
WARNING: Cabin 8288 has code 7D (not an Interior sub-type)
WARNING: Cabin 8292 has code 7D (not an Interior sub-type)
WARNING: Cabin 8300 has code 7D (not an Interior sub-type)
WARNING: Cabin 8312 has code 7D (not an Interior sub-type)
WARNING: Cabin 8316 has code 7D (not an Interior sub-type)
WARNING: Cabin 8324 has code 7D (not an Interior sub-type)
WARNING: Cabin 8328 has code 7D (not an Interior sub-type)
WARNING: Cabin 8400 has code 6V (not an Interior sub-type)
WARNING: Cabin 8401 has code 6V (not an Interior sub-type)
WARNING: Cabin 8402 has code 6V (not an Interior sub-type)
WARNING: Cabin 8403 has code 6V (not an Interior sub-type)
WARNING: Cabin 8404 has code 6V (not an Interior sub-type)
WARNING: Cabin 8405 has code 6V (not an Interior sub-type)
WARNING: Cabin 8406 has code 6V (not an Interior sub-type)
WARNING: Cabin 8408 has code 6V (not an Interior sub-type)
WARNING: Cabin 8410 has code 6V (not an Interior sub-type)
WARNING: Cabin 8411 has code 6V (not an Interior sub-type)
WARNING: Cabin 8412 has code 6V (not an Interior sub-type)
WARNING: Cabin 8413 has code 6V (not an Interior sub-type)
WARNING: Cabin 8414 has code 6V (not an Interior sub-type)
WARNING: Cabin 8415 has code 6V (not an Interior sub-type)
WARNING: Cabin 8416 has code 6V (not an Interior sub-type)
WARNING: Cabin 8418 has code 6V (not an Interior sub-type)
WARNING: Cabin 8422 has code 6V (not an Interior sub-type)
WARNING: Cabin 8424 has code 6V (not an Interior sub-type)
WARNING: Cabin 8425 has code 6V (not an Interior sub-type)
WARNING: Cabin 8426 has code 6V (not an Interior sub-type)
WARNING: Cabin 8428 has code 6V (not an Interior sub-type)
WARNING: Cabin 8429 has code 6V (not an Interior sub-type)
WARNING: Cabin 8430 has code 6V (not an Interior sub-type)
WARNING: Cabin 8432 has code 6V (not an Interior sub-type)
WARNING: Cabin 8433 has code 6V (not an Interior sub-type)
WARNING: Cabin 8434 has code 6V (not an Interior sub-type)
WARNING: Cabin 8437 has code 6V (not an Interior sub-type)
WARNING: Cabin 8438 has code 6V (not an Interior sub-type)
WARNING: Cabin 8441 has code 6V (not an Interior sub-type)
WARNING: Cabin 8442 has code 6V (not an Interior sub-type)
WARNING: Cabin 8445 has code 6V (not an Interior sub-type)
WARNING: Cabin 8446 has code 6V (not an Interior sub-type)
WARNING: Cabin 8448 has code 6V (not an Interior sub-type)
WARNING: Cabin 8450 has code 6V (not an Interior sub-type)
WARNING: Cabin 8452 has code 6V (not an Interior sub-type)
WARNING: Cabin 8454 has code 6V (not an Interior sub-type)
WARNING: Cabin 8456 has code 6V (not an Interior sub-type)
WARNING: Cabin 8516 has code 6V (not an Interior sub-type)
WARNING: Cabin 8518 has code 6V (not an Interior sub-type)
WARNING: Cabin 8531 has code 6V (not an Interior sub-type)
WARNING: Cabin 8533 has code 6V (not an Interior sub-type)
WARNING: Cabin 8535 has code 6V (not an Interior sub-type)
WARNING: Cabin 8537 has code 6V (not an Interior sub-type)
WARNING: Cabin 8539 has code 6V (not an Interior sub-type)
WARNING: Cabin 8541 has code 6V (not an Interior sub-type)
WARNING: Cabin 8543 has code 6V (not an Interior sub-type)
WARNING: Cabin 8545 has code 6V (not an Interior sub-type)
WARNING: Cabin 8547 has code 6V (not an Interior sub-type)
WARNING: Cabin 8549 has code 6V (not an Interior sub-type)
WARNING: Cabin 8551 has code 6V (not an Interior sub-type)
WARNING: Cabin 8553 has code 6V (not an Interior sub-type)
WARNING: Cabin 8673 has code 6V (not an Interior sub-type)
WARNING: Cabin 8675 has code 6V (not an Interior sub-type)
WARNING: Cabin 8677 has code 6V (not an Interior sub-type)
WARNING: Cabin 8679 has code 6V (not an Interior sub-type)
ERROR: Failed to parse category for cabin 8705
WARNING: Cabin 9101 has code 6V (not an Interior sub-type)
WARNING: Cabin 9107 has code 6V (not an Interior sub-type)
WARNING: Cabin 9109 has code 6V (not an Interior sub-type)
WARNING: Cabin 9120 has code 6V (not an Interior sub-type)
WARNING: Cabin 9131 has code 6V (not an Interior sub-type)
WARNING: Cabin 9133 has code 6V (not an Interior sub-type)
WARNING: Cabin 9135 has code 6V (not an Interior sub-type)
WARNING: Cabin 9137 has code 6V (not an Interior sub-type)
WARNING: Cabin 9139 has code 6V (not an Interior sub-type)
WARNING: Cabin 9141 has code 6V (not an Interior sub-type)
WARNING: Cabin 9143 has code 6V (not an Interior sub-type)
WARNING: Cabin 9145 has code 6V (not an Interior sub-type)
WARNING: Cabin 9147 has code 6V (not an Interior sub-type)
WARNING: Cabin 9149 has code 6V (not an Interior sub-type)
WARNING: Cabin 9151 has code 6V (not an Interior sub-type)
WARNING: Cabin 9153 has code 6V (not an Interior sub-type)
WARNING: Cabin 9177 has code 1S (not an Interior sub-type)
WARNING: Cabin 9179 has code 1S (not an Interior sub-type)
WARNING: Cabin 9181 has code 1S (not an Interior sub-type)
WARNING: Cabin 9183 has code 1S (not an Interior sub-type)
WARNING: Cabin 9185 has code 1S (not an Interior sub-type)
WARNING: Cabin 9187 has code 1S (not an Interior sub-type)
WARNING: Cabin 9189 has code 1S (not an Interior sub-type)
WARNING: Cabin 9191 has code 1S (not an Interior sub-type)
WARNING: Cabin 9193 has code 1S (not an Interior sub-type)
WARNING: Cabin 9195 has code 1S (not an Interior sub-type)
WARNING: Cabin 9197 has code 1S (not an Interior sub-type)
WARNING: Cabin 9199 has code 1S (not an Interior sub-type)
WARNING: Cabin 9201 has code 1S (not an Interior sub-type)
WARNING: Cabin 9203 has code 1S (not an Interior sub-type)
WARNING: Cabin 9205 has code 1S (not an Interior sub-type)
WARNING: Cabin 9207 has code 1S (not an Interior sub-type)
WARNING: Cabin 9209 has code 1S (not an Interior sub-type)
WARNING: Cabin 9211 has code 1S (not an Interior sub-type)
WARNING: Cabin 9213 has code 1S (not an Interior sub-type)
WARNING: Cabin 9215 has code 1S (not an Interior sub-type)
WARNING: Cabin 9217 has code 1S (not an Interior sub-type)
WARNING: Cabin 9229 has code 1S (not an Interior sub-type)
WARNING: Cabin 9231 has code 1S (not an Interior sub-type)
WARNING: Cabin 9233 has code 1S (not an Interior sub-type)
WARNING: Cabin 9235 has code 1S (not an Interior sub-type)
WARNING: Cabin 9237 has code 1S (not an Interior sub-type)
WARNING: Cabin 9239 has code 1S (not an Interior sub-type)
WARNING: Cabin 9241 has code 1S (not an Interior sub-type)
WARNING: Cabin 9243 has code 1S (not an Interior sub-type)
WARNING: Cabin 9245 has code 1S (not an Interior sub-type)
WARNING: Cabin 9247 has code 1S (not an Interior sub-type)
WARNING: Cabin 9249 has code 1S (not an Interior sub-type)
WARNING: Cabin 9251 has code 1S (not an Interior sub-type)
WARNING: Cabin 9253 has code 1S (not an Interior sub-type)
WARNING: Cabin 9255 has code 1S (not an Interior sub-type)
WARNING: Cabin 9273 has code 6V (not an Interior sub-type)
WARNING: Cabin 9275 has code 6V (not an Interior sub-type)
WARNING: Cabin 9277 has code 6V (not an Interior sub-type)
WARNING: Cabin 9279 has code 6V (not an Interior sub-type)
WARNING: Cabin 9293 has code 4I (not an Interior sub-type)
WARNING: Cabin 9297 has code 4I (not an Interior sub-type)
WARNING: Cabin 9301 has code 4I (not an Interior sub-type)
WARNING: Cabin 9305 has code 4I (not an Interior sub-type)
ERROR: Failed to fetch cabin 9307
WARNING: Cabin 9309 has code 4I (not an Interior sub-type)
WARNING: Cabin 9311 has code 4I (not an Interior sub-type)
WARNING: Cabin 9313 has code 4I (not an Interior sub-type)
WARNING: Cabin 9315 has code 4I (not an Interior sub-type)
WARNING: Cabin 9317 has code 4I (not an Interior sub-type)
WARNING: Cabin 9319 has code 4I (not an Interior sub-type)
WARNING: Cabin 9402 has code 6V (not an Interior sub-type)
WARNING: Cabin 9404 has code 6V (not an Interior sub-type)
WARNING: Cabin 9406 has code 6V (not an Interior sub-type)
WARNING: Cabin 9408 has code 6V (not an Interior sub-type)
WARNING: Cabin 9412 has code 6V (not an Interior sub-type)
WARNING: Cabin 9414 has code 6V (not an Interior sub-type)
WARNING: Cabin 9416 has code 6V (not an Interior sub-type)
ERROR: Failed to fetch cabin 9418
WARNING: Cabin 9422 has code 6V (not an Interior sub-type)
WARNING: Cabin 9424 has code 6V (not an Interior sub-type)
WARNING: Cabin 9425 has code 6V (not an Interior sub-type)
WARNING: Cabin 9426 has code 6V (not an Interior sub-type)
WARNING: Cabin 9428 has code 6V (not an Interior sub-type)
WARNING: Cabin 9429 has code 6V (not an Interior sub-type)
WARNING: Cabin 9430 has code 6V (not an Interior sub-type)
WARNING: Cabin 9432 has code 6V (not an Interior sub-type)
WARNING: Cabin 9433 has code 6V (not an Interior sub-type)
WARNING: Cabin 9434 has code 6V (not an Interior sub-type)
WARNING: Cabin 9437 has code 6V (not an Interior sub-type)
WARNING: Cabin 9438 has code 6V (not an Interior sub-type)
WARNING: Cabin 9441 has code 6V (not an Interior sub-type)
WARNING: Cabin 9442 has code 6V (not an Interior sub-type)
WARNING: Cabin 9445 has code 6V (not an Interior sub-type)
WARNING: Cabin 9446 has code 6V (not an Interior sub-type)
WARNING: Cabin 9450 has code 6V (not an Interior sub-type)
WARNING: Cabin 9454 has code 6V (not an Interior sub-type)
WARNING: Cabin 9458 has code 6V (not an Interior sub-type)
WARNING: Cabin 9509 has code 6V (not an Interior sub-type)
WARNING: Cabin 9511 has code 6V (not an Interior sub-type)
WARNING: Cabin 9520 has code 6V (not an Interior sub-type)
WARNING: Cabin 9531 has code 6V (not an Interior sub-type)
WARNING: Cabin 9533 has code 6V (not an Interior sub-type)
WARNING: Cabin 9535 has code 6V (not an Interior sub-type)
WARNING: Cabin 9537 has code 6V (not an Interior sub-type)
WARNING: Cabin 9539 has code 6V (not an Interior sub-type)
WARNING: Cabin 9541 has code 6V (not an Interior sub-type)
WARNING: Cabin 9543 has code 6V (not an Interior sub-type)
WARNING: Cabin 9545 has code 6V (not an Interior sub-type)
WARNING: Cabin 9547 has code 6V (not an Interior sub-type)
WARNING: Cabin 9549 has code 6V (not an Interior sub-type)
WARNING: Cabin 9551 has code 6V (not an Interior sub-type)
WARNING: Cabin 9553 has code 6V (not an Interior sub-type)
WARNING: Cabin 9577 has code 1S (not an Interior sub-type)
WARNING: Cabin 9579 has code 1S (not an Interior sub-type)
WARNING: Cabin 9581 has code 1S (not an Interior sub-type)
WARNING: Cabin 9583 has code 1S (not an Interior sub-type)
WARNING: Cabin 9585 has code 1S (not an Interior sub-type)
WARNING: Cabin 9587 has code 1S (not an Interior sub-type)
WARNING: Cabin 9589 has code 1S (not an Interior sub-type)
WARNING: Cabin 9591 has code 1S (not an Interior sub-type)
WARNING: Cabin 9593 has code 1S (not an Interior sub-type)
WARNING: Cabin 9595 has code 1S (not an Interior sub-type)
WARNING: Cabin 9597 has code 1S (not an Interior sub-type)
WARNING: Cabin 9599 has code 1S (not an Interior sub-type)
WARNING: Cabin 9601 has code 1S (not an Interior sub-type)
WARNING: Cabin 9603 has code 1S (not an Interior sub-type)
WARNING: Cabin 9605 has code 1S (not an Interior sub-type)
WARNING: Cabin 9607 has code 1S (not an Interior sub-type)
WARNING: Cabin 9609 has code 1S (not an Interior sub-type)
WARNING: Cabin 9611 has code 1S (not an Interior sub-type)
WARNING: Cabin 9613 has code 1S (not an Interior sub-type)
WARNING: Cabin 9615 has code 1S (not an Interior sub-type)
WARNING: Cabin 9617 has code 1S (not an Interior sub-type)
WARNING: Cabin 9629 has code 1S (not an Interior sub-type)
WARNING: Cabin 9631 has code 1S (not an Interior sub-type)
WARNING: Cabin 9633 has code 1S (not an Interior sub-type)
WARNING: Cabin 9635 has code 1S (not an Interior sub-type)
WARNING: Cabin 9637 has code 1S (not an Interior sub-type)
WARNING: Cabin 9639 has code 1S (not an Interior sub-type)
WARNING: Cabin 9641 has code 1S (not an Interior sub-type)
WARNING: Cabin 9643 has code 1S (not an Interior sub-type)
WARNING: Cabin 9645 has code 1S (not an Interior sub-type)
WARNING: Cabin 9647 has code 1S (not an Interior sub-type)
WARNING: Cabin 9649 has code 1S (not an Interior sub-type)
WARNING: Cabin 9651 has code 1S (not an Interior sub-type)
WARNING: Cabin 9653 has code 1S (not an Interior sub-type)
WARNING: Cabin 9655 has code 1S (not an Interior sub-type)
WARNING: Cabin 9673 has code 6V (not an Interior sub-type)
WARNING: Cabin 9675 has code 6V (not an Interior sub-type)
WARNING: Cabin 9677 has code 6V (not an Interior sub-type)
WARNING: Cabin 9679 has code 6V (not an Interior sub-type)
WARNING: Cabin 9693 has code 4I (not an Interior sub-type)
WARNING: Cabin 9695 has code 4I (not an Interior sub-type)
WARNING: Cabin 9699 has code 4I (not an Interior sub-type)
WARNING: Cabin 9703 has code 4I (not an Interior sub-type)
WARNING: Cabin 9707 has code 4I (not an Interior sub-type)
WARNING: Cabin 9711 has code 4I (not an Interior sub-type)
WARNING: Cabin 9713 has code 4I (not an Interior sub-type)
WARNING: Cabin 9715 has code 4I (not an Interior sub-type)
WARNING: Cabin 9717 has code 4I (not an Interior sub-type)
WARNING: Cabin 9719 has code 4I (not an Interior sub-type)
WARNING: Cabin 10293 has code 4I (not an Interior sub-type)
WARNING: Cabin 10297 has code 4I (not an Interior sub-type)
WARNING: Cabin 10301 has code 4I (not an Interior sub-type)
WARNING: Cabin 10305 has code 4I (not an Interior sub-type)
WARNING: Cabin 10309 has code 4I (not an Interior sub-type)
WARNING: Cabin 10311 has code 4I (not an Interior sub-type)
WARNING: Cabin 10313 has code 4I (not an Interior sub-type)
WARNING: Cabin 10315 has code 4I (not an Interior sub-type)
WARNING: Cabin 10317 has code 4I (not an Interior sub-type)
WARNING: Cabin 10319 has code 4I (not an Interior sub-type)
ERROR: Failed to fetch cabin 10323
ERROR: Failed to fetch cabin 10327
ERROR: Failed to fetch cabin 10531
WARNING: Cabin 10693 has code 4I (not an Interior sub-type)
WARNING: Cabin 10695 has code 4I (not an Interior sub-type)
WARNING: Cabin 10699 has code 4I (not an Interior sub-type)
WARNING: Cabin 10703 has code 4I (not an Interior sub-type)
WARNING: Cabin 10707 has code 4I (not an Interior sub-type)
WARNING: Cabin 10711 has code 4I (not an Interior sub-type)
WARNING: Cabin 10713 has code 4I (not an Interior sub-type)
WARNING: Cabin 10715 has code 4I (not an Interior sub-type)
WARNING: Cabin 10717 has code 4I (not an Interior sub-type)
WARNING: Cabin 10719 has code 4I (not an Interior sub-type)
WARNING: Cabin 11902 has code 6V (not an Interior sub-type)
WARNING: Cabin 11906 has code 6V (not an Interior sub-type)
WARNING: Cabin 11910 has code 6V (not an Interior sub-type)
WARNING: Cabin 11912 has code 6V (not an Interior sub-type)
WARNING: Cabin 11914 has code 6V (not an Interior sub-type)
WARNING: Cabin 11916 has code 6V (not an Interior sub-type)
WARNING: Cabin 11918 has code 6V (not an Interior sub-type)
ERROR: Failed to fetch cabin 12277
WARNING: Cabin 12305 has code 4I (not an Interior sub-type)
WARNING: Cabin 12309 has code 4I (not an Interior sub-type)
WARNING: Cabin 12313 has code 4I (not an Interior sub-type)
WARNING: Cabin 12315 has code 4I (not an Interior sub-type)
WARNING: Cabin 12317 has code 4I (not an Interior sub-type)
WARNING: Cabin 12319 has code 4I (not an Interior sub-type)
ERROR: Failed to fetch cabin 12323
WARNING: Cabin 12577 has code 1J (not an Interior sub-type)
WARNING: Cabin 12579 has code 2J (not an Interior sub-type)
WARNING: Cabin 12693 has code 4I (not an Interior sub-type)
WARNING: Cabin 12695 has code 4I (not an Interior sub-type)
WARNING: Cabin 12697 has code 4I (not an Interior sub-type)
WARNING: Cabin 12699 has code 4I (not an Interior sub-type)
WARNING: Cabin 12703 has code 4I (not an Interior sub-type)
WARNING: Cabin 12707 has code 4I (not an Interior sub-type)
WARNING: Cabin 12711 has code 4I (not an Interior sub-type)
WARNING: Cabin 12715 has code 4I (not an Interior sub-type)
WARNING: Cabin 12717 has code 4I (not an Interior sub-type)
WARNING: Cabin 12719 has code 4I (not an Interior sub-type)
WARNING: Cabin 14114 has code 6N (not an Interior sub-type)
WARNING: Cabin 14116 has code 6N (not an Interior sub-type)
WARNING: Cabin 14118 has code 6N (not an Interior sub-type)
WARNING: Cabin 14122 has code 6N (not an Interior sub-type)
WARNING: Cabin 14124 has code 6N (not an Interior sub-type)
WARNING: Cabin 14126 has code 6N (not an Interior sub-type)
WARNING: Cabin 14516 has code 6N (not an Interior sub-type)
WARNING: Cabin 14518 has code 6N (not an Interior sub-type)
WARNING: Cabin 14520 has code 6N (not an Interior sub-type)
WARNING: Cabin 14522 has code 6N (not an Interior sub-type)
WARNING: Cabin 14524 has code 6N (not an Interior sub-type)
WARNING: Cabin 14526 has code 6N (not an Interior sub-type)
WARNING: Cabin 14574 has code 2D (not an Interior sub-type)
WARNING: Cabin 14617 has code 1J (not an Interior sub-type)
