WARNING: Cabin 6137 has code 6V (not an Interior sub-type)
WARNING: Cabin 6141 has code 6V (not an Interior sub-type)
WARNING: Cabin 6143 has code 6V (not an Interior sub-type)
WARNING: Cabin 6153 has code 6V (not an Interior sub-type)
WARNING: Cabin 6277 has code 6V (not an Interior sub-type)
WARNING: Cabin 6547 has code 6V (not an Interior sub-type)
WARNING: Cabin 6677 has code 6V (not an Interior sub-type)
WARNING: Cabin 7101 has code 6V (not an Interior sub-type)
WARNING: Cabin 7112 has code 6V (not an Interior sub-type)
WARNING: Cabin 7114 has code 6V (not an Interior sub-type)
WARNING: Cabin 7117 has code 6V (not an Interior sub-type)
WARNING: Cabin 7131 has code 6V (not an Interior sub-type)
WARNING: Cabin 7133 has code 6V (not an Interior sub-type)
WARNING: Cabin 7135 has code 6V (not an Interior sub-type)
WARNING: Cabin 7137 has code 6V (not an Interior sub-type)
WARNING: Cabin 7139 has code 6V (not an Interior sub-type)
WARNING: Cabin 7141 has code 6V (not an Interior sub-type)
WARNING: Cabin 7143 has code 6V (not an Interior sub-type)
WARNING: Cabin 7147 has code 6V (not an Interior sub-type)
WARNING: Cabin 7151 has code 6V (not an Interior sub-type)
WARNING: Cabin 7271 has code 6V (not an Interior sub-type)
WARNING: Cabin 7273 has code 6V (not an Interior sub-type)
WARNING: Cabin 7275 has code 6V (not an Interior sub-type)
WARNING: Cabin 7277 has code 6V (not an Interior sub-type)
WARNING: Cabin 7400 has code 6V (not an Interior sub-type)
WARNING: Cabin 7404 has code 6V (not an Interior sub-type)
WARNING: Cabin 7405 has code 6V (not an Interior sub-type)
WARNING: Cabin 7407 has code 6V (not an Interior sub-type)
WARNING: Cabin 7408 has code 6V (not an Interior sub-type)
WARNING: Cabin 7409 has code 6V (not an Interior sub-type)
WARNING: Cabin 7411 has code 6V (not an Interior sub-type)
WARNING: Cabin 7412 has code 6V (not an Interior sub-type)
WARNING: Cabin 7413 has code 6V (not an Interior sub-type)
WARNING: Cabin 7414 has code 6V (not an Interior sub-type)
WARNING: Cabin 7415 has code 6V (not an Interior sub-type)
WARNING: Cabin 7418 has code 6V (not an Interior sub-type)
WARNING: Cabin 7424 has code 6V (not an Interior sub-type)
WARNING: Cabin 7425 has code 6V (not an Interior sub-type)
WARNING: Cabin 7429 has code 6V (not an Interior sub-type)
WARNING: Cabin 7432 has code 6V (not an Interior sub-type)
WARNING: Cabin 7433 has code 6V (not an Interior sub-type)
WARNING: Cabin 7437 has code 6V (not an Interior sub-type)
WARNING: Cabin 7441 has code 6V (not an Interior sub-type)
WARNING: Cabin 7445 has code 6V (not an Interior sub-type)
WARNING: Cabin 7501 has code 6V (not an Interior sub-type)
WARNING: Cabin 7512 has code 6V (not an Interior sub-type)
ERROR: Failed to fetch cabin 7514
ERROR: Failed to fetch cabin 7517
WARNING: Cabin 7531 has code 6V (not an Interior sub-type)
WARNING: Cabin 7533 has code 6V (not an Interior sub-type)
WARNING: Cabin 7535 has code 6V (not an Interior sub-type)
WARNING: Cabin 7537 has code 6V (not an Interior sub-type)
WARNING: Cabin 7539 has code 6V (not an Interior sub-type)
WARNING: Cabin 7541 has code 6V (not an Interior sub-type)
WARNING: Cabin 7543 has code 6V (not an Interior sub-type)
WARNING: Cabin 7545 has code 6V (not an Interior sub-type)
WARNING: Cabin 7549 has code 6V (not an Interior sub-type)
WARNING: Cabin 7553 has code 6V (not an Interior sub-type)
WARNING: Cabin 7671 has code 6V (not an Interior sub-type)
WARNING: Cabin 7673 has code 6V (not an Interior sub-type)
WARNING: Cabin 7675 has code 6V (not an Interior sub-type)
WARNING: Cabin 7677 has code 6V (not an Interior sub-type)
ERROR: Failed to fetch cabin 7721
WARNING: Cabin 8101 has code 6V (not an Interior sub-type)
WARNING: Cabin 8116 has code 6V (not an Interior sub-type)
WARNING: Cabin 8118 has code 6V (not an Interior sub-type)
WARNING: Cabin 8131 has code 6V (not an Interior sub-type)
WARNING: Cabin 8133 has code 6V (not an Interior sub-type)
WARNING: Cabin 8135 has code 6V (not an Interior sub-type)
WARNING: Cabin 8137 has code 6V (not an Interior sub-type)
WARNING: Cabin 8139 has code 6V (not an Interior sub-type)
WARNING: Cabin 8141 has code 6V (not an Interior sub-type)
WARNING: Cabin 8143 has code 6V (not an Interior sub-type)
WARNING: Cabin 8145 has code 6V (not an Interior sub-type)
WARNING: Cabin 8147 has code 6V (not an Interior sub-type)
WARNING: Cabin 8149 has code 6V (not an Interior sub-type)
WARNING: Cabin 8151 has code 6V (not an Interior sub-type)
WARNING: Cabin 8153 has code 6V (not an Interior sub-type)
WARNING: Cabin 8293 has code 4I (not an Interior sub-type)
WARNING: Cabin 8297 has code 4I (not an Interior sub-type)
WARNING: Cabin 8301 has code 4I (not an Interior sub-type)
WARNING: Cabin 8305 has code 4I (not an Interior sub-type)
WARNING: Cabin 8309 has code 4I (not an Interior sub-type)
WARNING: Cabin 8311 has code 4I (not an Interior sub-type)
WARNING: Cabin 8313 has code 4I (not an Interior sub-type)
WARNING: Cabin 8315 has code 4I (not an Interior sub-type)
WARNING: Cabin 8317 has code 4I (not an Interior sub-type)
WARNING: Cabin 8319 has code 4I (not an Interior sub-type)
WARNING: Cabin 8400 has code 6V (not an Interior sub-type)
WARNING: Cabin 8402 has code 6V (not an Interior sub-type)
WARNING: Cabin 8405 has code 6V (not an Interior sub-type)
WARNING: Cabin 8406 has code 6V (not an Interior sub-type)
WARNING: Cabin 8411 has code 6V (not an Interior sub-type)
WARNING: Cabin 8413 has code 6V (not an Interior sub-type)
WARNING: Cabin 8414 has code 6V (not an Interior sub-type)
WARNING: Cabin 8418 has code 6V (not an Interior sub-type)
WARNING: Cabin 8424 has code 6V (not an Interior sub-type)
WARNING: Cabin 8425 has code 6V (not an Interior sub-type)
WARNING: Cabin 8428 has code 6V (not an Interior sub-type)
WARNING: Cabin 8429 has code 6V (not an Interior sub-type)
WARNING: Cabin 8432 has code 6V (not an Interior sub-type)
WARNING: Cabin 8433 has code 6V (not an Interior sub-type)
WARNING: Cabin 8437 has code 6V (not an Interior sub-type)
WARNING: Cabin 8441 has code 6V (not an Interior sub-type)
WARNING: Cabin 8445 has code 6V (not an Interior sub-type)
WARNING: Cabin 8452 has code 6V (not an Interior sub-type)
WARNING: Cabin 8456 has code 6V (not an Interior sub-type)
WARNING: Cabin 8516 has code 6V (not an Interior sub-type)
WARNING: Cabin 8518 has code 6V (not an Interior sub-type)
WARNING: Cabin 8531 has code 6V (not an Interior sub-type)
WARNING: Cabin 8533 has code 6V (not an Interior sub-type)
WARNING: Cabin 8535 has code 6V (not an Interior sub-type)
WARNING: Cabin 8537 has code 6V (not an Interior sub-type)
WARNING: Cabin 8539 has code 6V (not an Interior sub-type)
WARNING: Cabin 8541 has code 6V (not an Interior sub-type)
WARNING: Cabin 8543 has code 6V (not an Interior sub-type)
WARNING: Cabin 8545 has code 6V (not an Interior sub-type)
WARNING: Cabin 8547 has code 6V (not an Interior sub-type)
WARNING: Cabin 8549 has code 6V (not an Interior sub-type)
WARNING: Cabin 8551 has code 6V (not an Interior sub-type)
WARNING: Cabin 8553 has code 6V (not an Interior sub-type)
WARNING: Cabin 8671 has code 6V (not an Interior sub-type)
WARNING: Cabin 8673 has code 6V (not an Interior sub-type)
WARNING: Cabin 8675 has code 6V (not an Interior sub-type)
WARNING: Cabin 8677 has code 6V (not an Interior sub-type)
WARNING: Cabin 8695 has code 4I (not an Interior sub-type)
WARNING: Cabin 8699 has code 4I (not an Interior sub-type)
WARNING: Cabin 8703 has code 4I (not an Interior sub-type)
WARNING: Cabin 8707 has code 4I (not an Interior sub-type)
WARNING: Cabin 8711 has code 4I (not an Interior sub-type)
WARNING: Cabin 8713 has code 4I (not an Interior sub-type)
WARNING: Cabin 8715 has code 4I (not an Interior sub-type)
WARNING: Cabin 8717 has code 4I (not an Interior sub-type)
WARNING: Cabin 8719 has code 4I (not an Interior sub-type)
WARNING: Cabin 9101 has code 6V (not an Interior sub-type)
WARNING: Cabin 9109 has code 6V (not an Interior sub-type)
WARNING: Cabin 9120 has code 6V (not an Interior sub-type)
WARNING: Cabin 9131 has code 6V (not an Interior sub-type)
WARNING: Cabin 9133 has code 6V (not an Interior sub-type)
WARNING: Cabin 9135 has code 6V (not an Interior sub-type)
WARNING: Cabin 9137 has code 6V (not an Interior sub-type)
WARNING: Cabin 9139 has code 6V (not an Interior sub-type)
WARNING: Cabin 9141 has code 6V (not an Interior sub-type)
WARNING: Cabin 9143 has code 6V (not an Interior sub-type)
WARNING: Cabin 9145 has code 6V (not an Interior sub-type)
WARNING: Cabin 9147 has code 6V (not an Interior sub-type)
WARNING: Cabin 9149 has code 6V (not an Interior sub-type)
WARNING: Cabin 9151 has code 6V (not an Interior sub-type)
WARNING: Cabin 9153 has code 6V (not an Interior sub-type)
WARNING: Cabin 9271 has code 6V (not an Interior sub-type)
WARNING: Cabin 9273 has code 6V (not an Interior sub-type)
WARNING: Cabin 9275 has code 6V (not an Interior sub-type)
WARNING: Cabin 9277 has code 6V (not an Interior sub-type)
WARNING: Cabin 9293 has code 4I (not an Interior sub-type)
WARNING: Cabin 9297 has code 4I (not an Interior sub-type)
WARNING: Cabin 9301 has code 4I (not an Interior sub-type)
WARNING: Cabin 9305 has code 4I (not an Interior sub-type)
WARNING: Cabin 9309 has code 4I (not an Interior sub-type)
WARNING: Cabin 9311 has code 4I (not an Interior sub-type)
WARNING: Cabin 9313 has code 4I (not an Interior sub-type)
WARNING: Cabin 9315 has code 4I (not an Interior sub-type)
WARNING: Cabin 9317 has code 4I (not an Interior sub-type)
WARNING: Cabin 9319 has code 4I (not an Interior sub-type)
ERROR: Failed to fetch cabin 9329
WARNING: Cabin 9402 has code 6V (not an Interior sub-type)
WARNING: Cabin 9406 has code 6V (not an Interior sub-type)
WARNING: Cabin 9414 has code 6V (not an Interior sub-type)
WARNING: Cabin 9418 has code 6V (not an Interior sub-type)
WARNING: Cabin 9424 has code 6V (not an Interior sub-type)
WARNING: Cabin 9425 has code 6V (not an Interior sub-type)
WARNING: Cabin 9428 has code 6V (not an Interior sub-type)
ERROR: Failed to fetch cabin 9429
ERROR: Failed to fetch cabin 9430
WARNING: Cabin 9432 has code 6V (not an Interior sub-type)
WARNING: Cabin 9433 has code 6V (not an Interior sub-type)
WARNING: Cabin 9437 has code 6V (not an Interior sub-type)
WARNING: Cabin 9441 has code 6V (not an Interior sub-type)
WARNING: Cabin 9445 has code 6V (not an Interior sub-type)
WARNING: Cabin 9509 has code 6V (not an Interior sub-type)
WARNING: Cabin 9511 has code 6V (not an Interior sub-type)
WARNING: Cabin 9520 has code 6V (not an Interior sub-type)
WARNING: Cabin 9531 has code 6V (not an Interior sub-type)
WARNING: Cabin 9533 has code 6V (not an Interior sub-type)
WARNING: Cabin 9535 has code 6V (not an Interior sub-type)
WARNING: Cabin 9537 has code 6V (not an Interior sub-type)
WARNING: Cabin 9539 has code 6V (not an Interior sub-type)
WARNING: Cabin 9541 has code 6V (not an Interior sub-type)
WARNING: Cabin 9543 has code 6V (not an Interior sub-type)
WARNING: Cabin 9545 has code 6V (not an Interior sub-type)
WARNING: Cabin 9547 has code 6V (not an Interior sub-type)
WARNING: Cabin 9549 has code 6V (not an Interior sub-type)
WARNING: Cabin 9551 has code 6V (not an Interior sub-type)
WARNING: Cabin 9553 has code 6V (not an Interior sub-type)
WARNING: Cabin 9671 has code 6V (not an Interior sub-type)
WARNING: Cabin 9673 has code 6V (not an Interior sub-type)
WARNING: Cabin 9675 has code 6V (not an Interior sub-type)
WARNING: Cabin 9677 has code 6V (not an Interior sub-type)
WARNING: Cabin 9693 has code 4I (not an Interior sub-type)
WARNING: Cabin 9695 has code 4I (not an Interior sub-type)
WARNING: Cabin 9699 has code 4I (not an Interior sub-type)
WARNING: Cabin 9703 has code 4I (not an Interior sub-type)
WARNING: Cabin 9707 has code 4I (not an Interior sub-type)
WARNING: Cabin 9711 has code 4I (not an Interior sub-type)
WARNING: Cabin 9713 has code 4I (not an Interior sub-type)
WARNING: Cabin 9715 has code 4I (not an Interior sub-type)
WARNING: Cabin 9717 has code 4I (not an Interior sub-type)
WARNING: Cabin 9719 has code 4I (not an Interior sub-type)
WARNING: Cabin 10100 has code 6N (not an Interior sub-type)
WARNING: Cabin 10102 has code 6N (not an Interior sub-type)
WARNING: Cabin 10104 has code 6N (not an Interior sub-type)
WARNING: Cabin 10106 has code 6N (not an Interior sub-type)
WARNING: Cabin 10108 has code 6N (not an Interior sub-type)
WARNING: Cabin 10201 has code 2J (not an Interior sub-type)
WARNING: Cabin 10293 has code 4I (not an Interior sub-type)
WARNING: Cabin 10297 has code 4I (not an Interior sub-type)
WARNING: Cabin 10301 has code 4I (not an Interior sub-type)
WARNING: Cabin 10305 has code 4I (not an Interior sub-type)
WARNING: Cabin 10309 has code 4I (not an Interior sub-type)
WARNING: Cabin 10311 has code 4I (not an Interior sub-type)
WARNING: Cabin 10313 has code 4I (not an Interior sub-type)
WARNING: Cabin 10315 has code 4I (not an Interior sub-type)
WARNING: Cabin 10317 has code 4I (not an Interior sub-type)
WARNING: Cabin 10319 has code 4I (not an Interior sub-type)
ERROR: Failed to fetch cabin 10325
WARNING: Cabin 10500 has code 6N (not an Interior sub-type)
ERROR: Failed to fetch cabin 10502
WARNING: Cabin 10504 has code 6N (not an Interior sub-type)
WARNING: Cabin 10506 has code 6N (not an Interior sub-type)
WARNING: Cabin 10508 has code 6N (not an Interior sub-type)
WARNING: Cabin 10510 has code 6N (not an Interior sub-type)
WARNING: Cabin 10693 has code 4I (not an Interior sub-type)
WARNING: Cabin 10695 has code 4I (not an Interior sub-type)
WARNING: Cabin 10699 has code 4I (not an Interior sub-type)
WARNING: Cabin 10703 has code 4I (not an Interior sub-type)
WARNING: Cabin 10707 has code 4I (not an Interior sub-type)
WARNING: Cabin 10711 has code 4I (not an Interior sub-type)
WARNING: Cabin 10713 has code 4I (not an Interior sub-type)
WARNING: Cabin 10715 has code 4I (not an Interior sub-type)
WARNING: Cabin 10717 has code 4I (not an Interior sub-type)
WARNING: Cabin 10719 has code 4I (not an Interior sub-type)
WARNING: Cabin 11179 has code 1J (not an Interior sub-type)
WARNING: Cabin 11293 has code 4I (not an Interior sub-type)
WARNING: Cabin 11295 has code 4I (not an Interior sub-type)
WARNING: Cabin 11297 has code 4I (not an Interior sub-type)
WARNING: Cabin 11301 has code 4I (not an Interior sub-type)
WARNING: Cabin 11305 has code 4I (not an Interior sub-type)
WARNING: Cabin 11309 has code 4I (not an Interior sub-type)
WARNING: Cabin 11313 has code 4I (not an Interior sub-type)
WARNING: Cabin 11315 has code 4I (not an Interior sub-type)
WARNING: Cabin 11317 has code 4I (not an Interior sub-type)
WARNING: Cabin 11319 has code 4I (not an Interior sub-type)
WARNING: Cabin 11693 has code 4I (not an Interior sub-type)
WARNING: Cabin 11695 has code 4I (not an Interior sub-type)
WARNING: Cabin 11697 has code 4I (not an Interior sub-type)
WARNING: Cabin 11699 has code 4I (not an Interior sub-type)
WARNING: Cabin 11703 has code 4I (not an Interior sub-type)
WARNING: Cabin 11707 has code 4I (not an Interior sub-type)
WARNING: Cabin 11711 has code 4I (not an Interior sub-type)
WARNING: Cabin 11715 has code 4I (not an Interior sub-type)
WARNING: Cabin 11717 has code 4I (not an Interior sub-type)
WARNING: Cabin 11719 has code 4I (not an Interior sub-type)
WARNING: Cabin 12293 has code 4I (not an Interior sub-type)
WARNING: Cabin 12295 has code 4I (not an Interior sub-type)
WARNING: Cabin 12297 has code 4I (not an Interior sub-type)
WARNING: Cabin 12301 has code 4I (not an Interior sub-type)
WARNING: Cabin 12305 has code 4I (not an Interior sub-type)
WARNING: Cabin 12309 has code 4I (not an Interior sub-type)
WARNING: Cabin 12313 has code 4I (not an Interior sub-type)
WARNING: Cabin 12315 has code 4I (not an Interior sub-type)
WARNING: Cabin 12317 has code 4I (not an Interior sub-type)
WARNING: Cabin 12319 has code 4I (not an Interior sub-type)
WARNING: Cabin 12693 has code 4I (not an Interior sub-type)
WARNING: Cabin 12695 has code 4I (not an Interior sub-type)
WARNING: Cabin 12697 has code 4I (not an Interior sub-type)
WARNING: Cabin 12699 has code 4I (not an Interior sub-type)
WARNING: Cabin 12703 has code 4I (not an Interior sub-type)
WARNING: Cabin 12707 has code 4I (not an Interior sub-type)
WARNING: Cabin 12711 has code 4I (not an Interior sub-type)
WARNING: Cabin 12715 has code 4I (not an Interior sub-type)
WARNING: Cabin 12717 has code 4I (not an Interior sub-type)
WARNING: Cabin 12719 has code 4I (not an Interior sub-type)
WARNING: Cabin 14293 has code 4I (not an Interior sub-type)
WARNING: Cabin 14295 has code 4I (not an Interior sub-type)
WARNING: Cabin 14305 has code 4I (not an Interior sub-type)
WARNING: Cabin 14307 has code 4I (not an Interior sub-type)
WARNING: Cabin 14309 has code 4I (not an Interior sub-type)
WARNING: Cabin 14313 has code 4I (not an Interior sub-type)
WARNING: Cabin 14317 has code 4I (not an Interior sub-type)
WARNING: Cabin 14695 has code 4I (not an Interior sub-type)
WARNING: Cabin 14697 has code 4I (not an Interior sub-type)
WARNING: Cabin 14699 has code 4I (not an Interior sub-type)
WARNING: Cabin 14703 has code 4I (not an Interior sub-type)
WARNING: Cabin 14707 has code 4I (not an Interior sub-type)
WARNING: Cabin 14711 has code 4I (not an Interior sub-type)
WARNING: Cabin 14713 has code 4I (not an Interior sub-type)
WARNING: Cabin 14715 has code 4I (not an Interior sub-type)
WARNING: Cabin 14717 has code 4I (not an Interior sub-type)
WARNING: Cabin 14719 has code 4I (not an Interior sub-type)
